<?xml version="1.0" encoding="UTF-8"?>
<testsuite name="JUnit Vintage" tests="9" skipped="0" failures="4" errors="0" time="0.883" hostname="nicolas" timestamp="2019-05-19T19:45:24">
<properties>
[...]
</properties>
<testcase name="Bomberman se mueve hacia el norte" classname="Feature: Bomberman se mueve a la celda contigua" time="0.045">
<failure message="Multiple Failures (4 failures)
	The step &quot;Bomberman&quot; is undefined
	The step &quot;Lo muevo de celda hacia el norte&quot; is undefined
	The step &quot;la celda esta vacia&quot; is undefined
	The step &quot;bomberman esta en la proxima celda al norte&quot; is undefined" type="org.opentest4j.MultipleFailuresError"><![CDATA[org.opentest4j.MultipleFailuresError: Multiple Failures (4 failures)
	The step "Bomberman" is undefined
	The step "Lo muevo de celda hacia el norte" is undefined
	The step "la celda esta vacia" is undefined
	The step "bomberman esta en la proxima celda al norte" is undefined
	at org.junit.vintage.engine.execution.TestRun.getStoredResultOrSuccessful(TestRun.java:166)
	at org.junit.vintage.engine.execution.RunListenerAdapter.fireExecutionFinished(RunListenerAdapter.java:204)
	at org.junit.vintage.engine.execution.RunListenerAdapter.testFinished(RunListenerAdapter.java:162)
	at org.junit.vintage.engine.execution.RunListenerAdapter.testFinished(RunListenerAdapter.java:78)
	at org.junit.runner.notification.SynchronizedRunListener.testFinished(SynchronizedRunListener.java:56)
	at org.junit.runner.notification.RunNotifier$7.notifyListener(RunNotifier.java:190)
	at org.junit.runner.notification.RunNotifier$SafeNotifier.run(RunNotifier.java:72)
	at org.junit.runner.notification.RunNotifier.fireTestFinished(RunNotifier.java:187)
	at cucumber.runtime.junit.JUnitReporter$EachTestNotifier.fireTestFinished(JUnitReporter.java:252)
	at cucumber.runtime.junit.JUnitReporter.handleTestCaseResult(JUnitReporter.java:173)
	at cucumber.runtime.junit.JUnitReporter$4.receive(JUnitReporter.java:64)
	at cucumber.runtime.junit.JUnitReporter$4.receive(JUnitReporter.java:60)
	at cucumber.runner.EventBus.send(EventBus.java:28)
	at cucumber.api.TestCase.run(TestCase.java:65)
	at cucumber.runner.Runner.runPickle(Runner.java:80)
	at cucumber.runtime.junit.PickleRunners$NoStepDescriptions.run(PickleRunners.java:140)
	at cucumber.runtime.junit.FeatureRunner.runChild(FeatureRunner.java:68)
	at cucumber.runtime.junit.FeatureRunner.runChild(FeatureRunner.java:23)
	at org.junit.runners.ParentRunner$3.run(ParentRunner.java:290)
	at org.junit.runners.ParentRunner$1.schedule(ParentRunner.java:71)
	at org.junit.runners.ParentRunner.runChildren(ParentRunner.java:288)
	at org.junit.runners.ParentRunner.access$000(ParentRunner.java:58)
	at org.junit.runners.ParentRunner$2.evaluate(ParentRunner.java:268)
	at org.junit.runners.ParentRunner.run(ParentRunner.java:363)
	at cucumber.runtime.junit.FeatureRunner.run(FeatureRunner.java:73)
	at cucumber.api.junit.Cucumber.runChild(Cucumber.java:118)
	at cucumber.api.junit.Cucumber.runChild(Cucumber.java:56)
	at org.junit.runners.ParentRunner$3.run(ParentRunner.java:290)
	at org.junit.runners.ParentRunner$1.schedule(ParentRunner.java:71)
	at org.junit.runners.ParentRunner.runChildren(ParentRunner.java:288)
	at org.junit.runners.ParentRunner.access$000(ParentRunner.java:58)
	at org.junit.runners.ParentRunner$2.evaluate(ParentRunner.java:268)
	at cucumber.api.junit.Cucumber$1.evaluate(Cucumber.java:127)
	at org.junit.runners.ParentRunner.run(ParentRunner.java:363)
	at org.junit.runner.JUnitCore.run(JUnitCore.java:137)
	at org.junit.runner.JUnitCore.run(JUnitCore.java:115)
	at org.junit.vintage.engine.execution.RunnerExecutor.execute(RunnerExecutor.java:42)
	at java.util.stream.ForEachOps$ForEachOp$OfRef.accept(ForEachOps.java:184)
	at java.util.stream.ReferencePipeline$3$1.accept(ReferencePipeline.java:193)
	at java.util.Iterator.forEachRemaining(Iterator.java:116)
	at java.util.Spliterators$IteratorSpliterator.forEachRemaining(Spliterators.java:1801)
	at java.util.stream.AbstractPipeline.copyInto(AbstractPipeline.java:481)
	at java.util.stream.AbstractPipeline.wrapAndCopyInto(AbstractPipeline.java:471)
	at java.util.stream.ForEachOps$ForEachOp.evaluateSequential(ForEachOps.java:151)
	at java.util.stream.ForEachOps$ForEachOp$OfRef.evaluateSequential(ForEachOps.java:174)
	at java.util.stream.AbstractPipeline.evaluate(AbstractPipeline.java:234)
	at java.util.stream.ReferencePipeline.forEach(ReferencePipeline.java:418)
	at org.junit.vintage.engine.VintageTestEngine.executeAllChildren(VintageTestEngine.java:83)
	at org.junit.vintage.engine.VintageTestEngine.execute(VintageTestEngine.java:74)
	at org.junit.platform.launcher.core.DefaultLauncher.execute(DefaultLauncher.java:170)
	at org.junit.platform.launcher.core.DefaultLauncher.execute(DefaultLauncher.java:154)
	at org.junit.platform.launcher.core.DefaultLauncher.execute(DefaultLauncher.java:90)
	at org.junit.platform.console.tasks.ConsoleTestExecutor.executeTests(ConsoleTestExecutor.java:65)
	at org.junit.platform.console.tasks.ConsoleTestExecutor.lambda$execute$0(ConsoleTestExecutor.java:57)
	at org.junit.platform.console.tasks.CustomContextClassLoaderExecutor.invoke(CustomContextClassLoaderExecutor.java:33)
	at org.junit.platform.console.tasks.ConsoleTestExecutor.execute(ConsoleTestExecutor.java:57)
	at org.junit.platform.console.ConsoleLauncher.executeTests(ConsoleLauncher.java:84)
	at org.junit.platform.console.ConsoleLauncher.execute(ConsoleLauncher.java:74)
	at org.junit.platform.console.ConsoleLauncher.execute(ConsoleLauncher.java:47)
	at org.junit.platform.console.ConsoleLauncher.main(ConsoleLauncher.java:39)
]]></failure>
<system-out><![CDATA[
unique-id: [engine:junit-vintage]/[runner:gradle.RunCukesTest]/[test:rO0ABXNyAC5jdWN1bWJlci5ydW50aW1lLmp1bml0LkZlYXR1cmVSdW5uZXIkRmVhdHVyZUlkAAAAAAAAAAECAAFMAAN1cml0ABJMamF2YS9sYW5nL1N0cmluZzt4cHQAMmdyYWRsZS9jdWN1bWJlci9Cb21iZXJtYW5NdWV2ZVByb3hpbWFDZWxkYS5mZWF0dXJl]/[test:rO0ABXNyAC1jdWN1bWJlci5ydW50aW1lLmp1bml0LlBpY2tsZVJ1bm5lcnMkUGlja2xlSWQAAAAAAAAAAQIAAkkACnBpY2tsZUxpbmVMAAN1cml0ABJMamF2YS9sYW5nL1N0cmluZzt4cAAAAAN0ADJncmFkbGUvY3VjdW1iZXIvQm9tYmVybWFuTXVldmVQcm94aW1hQ2VsZGEuZmVhdHVyZQ==]
display-name: Bomberman se mueve hacia el norte
]]></system-out>
</testcase>
<testcase name="Bomberman se mueve hacia el Sur" classname="Feature: Bomberman se mueve a la celda contigua" time="0.006">
<failure message="Multiple Failures (4 failures)
	The step &quot;Bomberman&quot; is undefined
	The step &quot;Lo muevo de celda hacia el Sur&quot; is undefined
	The step &quot;la celda esta vacia&quot; is undefined
	The step &quot;bomberman esta en la proxima celda al Sur&quot; is undefined" type="org.opentest4j.MultipleFailuresError"><![CDATA[org.opentest4j.MultipleFailuresError: Multiple Failures (4 failures)
	The step "Bomberman" is undefined
	The step "Lo muevo de celda hacia el Sur" is undefined
	The step "la celda esta vacia" is undefined
	The step "bomberman esta en la proxima celda al Sur" is undefined
	at org.junit.vintage.engine.execution.TestRun.getStoredResultOrSuccessful(TestRun.java:166)
	at org.junit.vintage.engine.execution.RunListenerAdapter.fireExecutionFinished(RunListenerAdapter.java:204)
	at org.junit.vintage.engine.execution.RunListenerAdapter.testFinished(RunListenerAdapter.java:162)
	at org.junit.vintage.engine.execution.RunListenerAdapter.testFinished(RunListenerAdapter.java:78)
	at org.junit.runner.notification.SynchronizedRunListener.testFinished(SynchronizedRunListener.java:56)
	at org.junit.runner.notification.RunNotifier$7.notifyListener(RunNotifier.java:190)
	at org.junit.runner.notification.RunNotifier$SafeNotifier.run(RunNotifier.java:72)
	at org.junit.runner.notification.RunNotifier.fireTestFinished(RunNotifier.java:187)
	at cucumber.runtime.junit.JUnitReporter$EachTestNotifier.fireTestFinished(JUnitReporter.java:252)
	at cucumber.runtime.junit.JUnitReporter.handleTestCaseResult(JUnitReporter.java:173)
	at cucumber.runtime.junit.JUnitReporter$4.receive(JUnitReporter.java:64)
	at cucumber.runtime.junit.JUnitReporter$4.receive(JUnitReporter.java:60)
	at cucumber.runner.EventBus.send(EventBus.java:28)
	at cucumber.api.TestCase.run(TestCase.java:65)
	at cucumber.runner.Runner.runPickle(Runner.java:80)
	at cucumber.runtime.junit.PickleRunners$NoStepDescriptions.run(PickleRunners.java:140)
	at cucumber.runtime.junit.FeatureRunner.runChild(FeatureRunner.java:68)
	at cucumber.runtime.junit.FeatureRunner.runChild(FeatureRunner.java:23)
	at org.junit.runners.ParentRunner$3.run(ParentRunner.java:290)
	at org.junit.runners.ParentRunner$1.schedule(ParentRunner.java:71)
	at org.junit.runners.ParentRunner.runChildren(ParentRunner.java:288)
	at org.junit.runners.ParentRunner.access$000(ParentRunner.java:58)
	at org.junit.runners.ParentRunner$2.evaluate(ParentRunner.java:268)
	at org.junit.runners.ParentRunner.run(ParentRunner.java:363)
	at cucumber.runtime.junit.FeatureRunner.run(FeatureRunner.java:73)
	at cucumber.api.junit.Cucumber.runChild(Cucumber.java:118)
	at cucumber.api.junit.Cucumber.runChild(Cucumber.java:56)
	at org.junit.runners.ParentRunner$3.run(ParentRunner.java:290)
	at org.junit.runners.ParentRunner$1.schedule(ParentRunner.java:71)
	at org.junit.runners.ParentRunner.runChildren(ParentRunner.java:288)
	at org.junit.runners.ParentRunner.access$000(ParentRunner.java:58)
	at org.junit.runners.ParentRunner$2.evaluate(ParentRunner.java:268)
	at cucumber.api.junit.Cucumber$1.evaluate(Cucumber.java:127)
	at org.junit.runners.ParentRunner.run(ParentRunner.java:363)
	at org.junit.runner.JUnitCore.run(JUnitCore.java:137)
	at org.junit.runner.JUnitCore.run(JUnitCore.java:115)
	at org.junit.vintage.engine.execution.RunnerExecutor.execute(RunnerExecutor.java:42)
	at java.util.stream.ForEachOps$ForEachOp$OfRef.accept(ForEachOps.java:184)
	at java.util.stream.ReferencePipeline$3$1.accept(ReferencePipeline.java:193)
	at java.util.Iterator.forEachRemaining(Iterator.java:116)
	at java.util.Spliterators$IteratorSpliterator.forEachRemaining(Spliterators.java:1801)
	at java.util.stream.AbstractPipeline.copyInto(AbstractPipeline.java:481)
	at java.util.stream.AbstractPipeline.wrapAndCopyInto(AbstractPipeline.java:471)
	at java.util.stream.ForEachOps$ForEachOp.evaluateSequential(ForEachOps.java:151)
	at java.util.stream.ForEachOps$ForEachOp$OfRef.evaluateSequential(ForEachOps.java:174)
	at java.util.stream.AbstractPipeline.evaluate(AbstractPipeline.java:234)
	at java.util.stream.ReferencePipeline.forEach(ReferencePipeline.java:418)
	at org.junit.vintage.engine.VintageTestEngine.executeAllChildren(VintageTestEngine.java:83)
	at org.junit.vintage.engine.VintageTestEngine.execute(VintageTestEngine.java:74)
	at org.junit.platform.launcher.core.DefaultLauncher.execute(DefaultLauncher.java:170)
	at org.junit.platform.launcher.core.DefaultLauncher.execute(DefaultLauncher.java:154)
	at org.junit.platform.launcher.core.DefaultLauncher.execute(DefaultLauncher.java:90)
	at org.junit.platform.console.tasks.ConsoleTestExecutor.executeTests(ConsoleTestExecutor.java:65)
	at org.junit.platform.console.tasks.ConsoleTestExecutor.lambda$execute$0(ConsoleTestExecutor.java:57)
	at org.junit.platform.console.tasks.CustomContextClassLoaderExecutor.invoke(CustomContextClassLoaderExecutor.java:33)
	at org.junit.platform.console.tasks.ConsoleTestExecutor.execute(ConsoleTestExecutor.java:57)
	at org.junit.platform.console.ConsoleLauncher.executeTests(ConsoleLauncher.java:84)
	at org.junit.platform.console.ConsoleLauncher.execute(ConsoleLauncher.java:74)
	at org.junit.platform.console.ConsoleLauncher.execute(ConsoleLauncher.java:47)
	at org.junit.platform.console.ConsoleLauncher.main(ConsoleLauncher.java:39)
]]></failure>
<system-out><![CDATA[
unique-id: [engine:junit-vintage]/[runner:gradle.RunCukesTest]/[test:rO0ABXNyAC5jdWN1bWJlci5ydW50aW1lLmp1bml0LkZlYXR1cmVSdW5uZXIkRmVhdHVyZUlkAAAAAAAAAAECAAFMAAN1cml0ABJMamF2YS9sYW5nL1N0cmluZzt4cHQAMmdyYWRsZS9jdWN1bWJlci9Cb21iZXJtYW5NdWV2ZVByb3hpbWFDZWxkYS5mZWF0dXJl]/[test:rO0ABXNyAC1jdWN1bWJlci5ydW50aW1lLmp1bml0LlBpY2tsZVJ1bm5lcnMkUGlja2xlSWQAAAAAAAAAAQIAAkkACnBpY2tsZUxpbmVMAAN1cml0ABJMamF2YS9sYW5nL1N0cmluZzt4cAAAAAl0ADJncmFkbGUvY3VjdW1iZXIvQm9tYmVybWFuTXVldmVQcm94aW1hQ2VsZGEuZmVhdHVyZQ==]
display-name: Bomberman se mueve hacia el Sur
]]></system-out>
</testcase>
<testcase name="Bomberman se mueve hacia el Este" classname="Feature: Bomberman se mueve a la celda contigua" time="0.016">
<failure message="Multiple Failures (4 failures)
	The step &quot;Bomberman&quot; is undefined
	The step &quot;Lo muevo de celda hacia el Este&quot; is undefined
	The step &quot;la celda esta vacia&quot; is undefined
	The step &quot;bomberman esta en la proxima celda al Este&quot; is undefined" type="org.opentest4j.MultipleFailuresError"><![CDATA[org.opentest4j.MultipleFailuresError: Multiple Failures (4 failures)
	The step "Bomberman" is undefined
	The step "Lo muevo de celda hacia el Este" is undefined
	The step "la celda esta vacia" is undefined
	The step "bomberman esta en la proxima celda al Este" is undefined
	at org.junit.vintage.engine.execution.TestRun.getStoredResultOrSuccessful(TestRun.java:166)
	at org.junit.vintage.engine.execution.RunListenerAdapter.fireExecutionFinished(RunListenerAdapter.java:204)
	at org.junit.vintage.engine.execution.RunListenerAdapter.testFinished(RunListenerAdapter.java:162)
	at org.junit.vintage.engine.execution.RunListenerAdapter.testFinished(RunListenerAdapter.java:78)
	at org.junit.runner.notification.SynchronizedRunListener.testFinished(SynchronizedRunListener.java:56)
	at org.junit.runner.notification.RunNotifier$7.notifyListener(RunNotifier.java:190)
	at org.junit.runner.notification.RunNotifier$SafeNotifier.run(RunNotifier.java:72)
	at org.junit.runner.notification.RunNotifier.fireTestFinished(RunNotifier.java:187)
	at cucumber.runtime.junit.JUnitReporter$EachTestNotifier.fireTestFinished(JUnitReporter.java:252)
	at cucumber.runtime.junit.JUnitReporter.handleTestCaseResult(JUnitReporter.java:173)
	at cucumber.runtime.junit.JUnitReporter$4.receive(JUnitReporter.java:64)
	at cucumber.runtime.junit.JUnitReporter$4.receive(JUnitReporter.java:60)
	at cucumber.runner.EventBus.send(EventBus.java:28)
	at cucumber.api.TestCase.run(TestCase.java:65)
	at cucumber.runner.Runner.runPickle(Runner.java:80)
	at cucumber.runtime.junit.PickleRunners$NoStepDescriptions.run(PickleRunners.java:140)
	at cucumber.runtime.junit.FeatureRunner.runChild(FeatureRunner.java:68)
	at cucumber.runtime.junit.FeatureRunner.runChild(FeatureRunner.java:23)
	at org.junit.runners.ParentRunner$3.run(ParentRunner.java:290)
	at org.junit.runners.ParentRunner$1.schedule(ParentRunner.java:71)
	at org.junit.runners.ParentRunner.runChildren(ParentRunner.java:288)
	at org.junit.runners.ParentRunner.access$000(ParentRunner.java:58)
	at org.junit.runners.ParentRunner$2.evaluate(ParentRunner.java:268)
	at org.junit.runners.ParentRunner.run(ParentRunner.java:363)
	at cucumber.runtime.junit.FeatureRunner.run(FeatureRunner.java:73)
	at cucumber.api.junit.Cucumber.runChild(Cucumber.java:118)
	at cucumber.api.junit.Cucumber.runChild(Cucumber.java:56)
	at org.junit.runners.ParentRunner$3.run(ParentRunner.java:290)
	at org.junit.runners.ParentRunner$1.schedule(ParentRunner.java:71)
	at org.junit.runners.ParentRunner.runChildren(ParentRunner.java:288)
	at org.junit.runners.ParentRunner.access$000(ParentRunner.java:58)
	at org.junit.runners.ParentRunner$2.evaluate(ParentRunner.java:268)
	at cucumber.api.junit.Cucumber$1.evaluate(Cucumber.java:127)
	at org.junit.runners.ParentRunner.run(ParentRunner.java:363)
	at org.junit.runner.JUnitCore.run(JUnitCore.java:137)
	at org.junit.runner.JUnitCore.run(JUnitCore.java:115)
	at org.junit.vintage.engine.execution.RunnerExecutor.execute(RunnerExecutor.java:42)
	at java.util.stream.ForEachOps$ForEachOp$OfRef.accept(ForEachOps.java:184)
	at java.util.stream.ReferencePipeline$3$1.accept(ReferencePipeline.java:193)
	at java.util.Iterator.forEachRemaining(Iterator.java:116)
	at java.util.Spliterators$IteratorSpliterator.forEachRemaining(Spliterators.java:1801)
	at java.util.stream.AbstractPipeline.copyInto(AbstractPipeline.java:481)
	at java.util.stream.AbstractPipeline.wrapAndCopyInto(AbstractPipeline.java:471)
	at java.util.stream.ForEachOps$ForEachOp.evaluateSequential(ForEachOps.java:151)
	at java.util.stream.ForEachOps$ForEachOp$OfRef.evaluateSequential(ForEachOps.java:174)
	at java.util.stream.AbstractPipeline.evaluate(AbstractPipeline.java:234)
	at java.util.stream.ReferencePipeline.forEach(ReferencePipeline.java:418)
	at org.junit.vintage.engine.VintageTestEngine.executeAllChildren(VintageTestEngine.java:83)
	at org.junit.vintage.engine.VintageTestEngine.execute(VintageTestEngine.java:74)
	at org.junit.platform.launcher.core.DefaultLauncher.execute(DefaultLauncher.java:170)
	at org.junit.platform.launcher.core.DefaultLauncher.execute(DefaultLauncher.java:154)
	at org.junit.platform.launcher.core.DefaultLauncher.execute(DefaultLauncher.java:90)
	at org.junit.platform.console.tasks.ConsoleTestExecutor.executeTests(ConsoleTestExecutor.java:65)
	at org.junit.platform.console.tasks.ConsoleTestExecutor.lambda$execute$0(ConsoleTestExecutor.java:57)
	at org.junit.platform.console.tasks.CustomContextClassLoaderExecutor.invoke(CustomContextClassLoaderExecutor.java:33)
	at org.junit.platform.console.tasks.ConsoleTestExecutor.execute(ConsoleTestExecutor.java:57)
	at org.junit.platform.console.ConsoleLauncher.executeTests(ConsoleLauncher.java:84)
	at org.junit.platform.console.ConsoleLauncher.execute(ConsoleLauncher.java:74)
	at org.junit.platform.console.ConsoleLauncher.execute(ConsoleLauncher.java:47)
	at org.junit.platform.console.ConsoleLauncher.main(ConsoleLauncher.java:39)
]]></failure>
<system-out><![CDATA[
unique-id: [engine:junit-vintage]/[runner:gradle.RunCukesTest]/[test:rO0ABXNyAC5jdWN1bWJlci5ydW50aW1lLmp1bml0LkZlYXR1cmVSdW5uZXIkRmVhdHVyZUlkAAAAAAAAAAECAAFMAAN1cml0ABJMamF2YS9sYW5nL1N0cmluZzt4cHQAMmdyYWRsZS9jdWN1bWJlci9Cb21iZXJtYW5NdWV2ZVByb3hpbWFDZWxkYS5mZWF0dXJl]/[test:rO0ABXNyAC1jdWN1bWJlci5ydW50aW1lLmp1bml0LlBpY2tsZVJ1bm5lcnMkUGlja2xlSWQAAAAAAAAAAQIAAkkACnBpY2tsZUxpbmVMAAN1cml0ABJMamF2YS9sYW5nL1N0cmluZzt4cAAAAA90ADJncmFkbGUvY3VjdW1iZXIvQm9tYmVybWFuTXVldmVQcm94aW1hQ2VsZGEuZmVhdHVyZQ==]
display-name: Bomberman se mueve hacia el Este
]]></system-out>
</testcase>
<testcase name="Bomberman se mueve hacia el Oeste" classname="Feature: Bomberman se mueve a la celda contigua" time="0.004">
<failure message="Multiple Failures (4 failures)
	The step &quot;Bomberman&quot; is undefined
	The step &quot;Lo muevo de celda hacia el Oeste&quot; is undefined
	The step &quot;la celda esta vacia&quot; is undefined
	The step &quot;bomberman esta en la proxima celda al Oeste&quot; is undefined" type="org.opentest4j.MultipleFailuresError"><![CDATA[org.opentest4j.MultipleFailuresError: Multiple Failures (4 failures)
	The step "Bomberman" is undefined
	The step "Lo muevo de celda hacia el Oeste" is undefined
	The step "la celda esta vacia" is undefined
	The step "bomberman esta en la proxima celda al Oeste" is undefined
	at org.junit.vintage.engine.execution.TestRun.getStoredResultOrSuccessful(TestRun.java:166)
	at org.junit.vintage.engine.execution.RunListenerAdapter.fireExecutionFinished(RunListenerAdapter.java:204)
	at org.junit.vintage.engine.execution.RunListenerAdapter.testFinished(RunListenerAdapter.java:162)
	at org.junit.vintage.engine.execution.RunListenerAdapter.testFinished(RunListenerAdapter.java:78)
	at org.junit.runner.notification.SynchronizedRunListener.testFinished(SynchronizedRunListener.java:56)
	at org.junit.runner.notification.RunNotifier$7.notifyListener(RunNotifier.java:190)
	at org.junit.runner.notification.RunNotifier$SafeNotifier.run(RunNotifier.java:72)
	at org.junit.runner.notification.RunNotifier.fireTestFinished(RunNotifier.java:187)
	at cucumber.runtime.junit.JUnitReporter$EachTestNotifier.fireTestFinished(JUnitReporter.java:252)
	at cucumber.runtime.junit.JUnitReporter.handleTestCaseResult(JUnitReporter.java:173)
	at cucumber.runtime.junit.JUnitReporter$4.receive(JUnitReporter.java:64)
	at cucumber.runtime.junit.JUnitReporter$4.receive(JUnitReporter.java:60)
	at cucumber.runner.EventBus.send(EventBus.java:28)
	at cucumber.api.TestCase.run(TestCase.java:65)
	at cucumber.runner.Runner.runPickle(Runner.java:80)
	at cucumber.runtime.junit.PickleRunners$NoStepDescriptions.run(PickleRunners.java:140)
	at cucumber.runtime.junit.FeatureRunner.runChild(FeatureRunner.java:68)
	at cucumber.runtime.junit.FeatureRunner.runChild(FeatureRunner.java:23)
	at org.junit.runners.ParentRunner$3.run(ParentRunner.java:290)
	at org.junit.runners.ParentRunner$1.schedule(ParentRunner.java:71)
	at org.junit.runners.ParentRunner.runChildren(ParentRunner.java:288)
	at org.junit.runners.ParentRunner.access$000(ParentRunner.java:58)
	at org.junit.runners.ParentRunner$2.evaluate(ParentRunner.java:268)
	at org.junit.runners.ParentRunner.run(ParentRunner.java:363)
	at cucumber.runtime.junit.FeatureRunner.run(FeatureRunner.java:73)
	at cucumber.api.junit.Cucumber.runChild(Cucumber.java:118)
	at cucumber.api.junit.Cucumber.runChild(Cucumber.java:56)
	at org.junit.runners.ParentRunner$3.run(ParentRunner.java:290)
	at org.junit.runners.ParentRunner$1.schedule(ParentRunner.java:71)
	at org.junit.runners.ParentRunner.runChildren(ParentRunner.java:288)
	at org.junit.runners.ParentRunner.access$000(ParentRunner.java:58)
	at org.junit.runners.ParentRunner$2.evaluate(ParentRunner.java:268)
	at cucumber.api.junit.Cucumber$1.evaluate(Cucumber.java:127)
	at org.junit.runners.ParentRunner.run(ParentRunner.java:363)
	at org.junit.runner.JUnitCore.run(JUnitCore.java:137)
	at org.junit.runner.JUnitCore.run(JUnitCore.java:115)
	at org.junit.vintage.engine.execution.RunnerExecutor.execute(RunnerExecutor.java:42)
	at java.util.stream.ForEachOps$ForEachOp$OfRef.accept(ForEachOps.java:184)
	at java.util.stream.ReferencePipeline$3$1.accept(ReferencePipeline.java:193)
	at java.util.Iterator.forEachRemaining(Iterator.java:116)
	at java.util.Spliterators$IteratorSpliterator.forEachRemaining(Spliterators.java:1801)
	at java.util.stream.AbstractPipeline.copyInto(AbstractPipeline.java:481)
	at java.util.stream.AbstractPipeline.wrapAndCopyInto(AbstractPipeline.java:471)
	at java.util.stream.ForEachOps$ForEachOp.evaluateSequential(ForEachOps.java:151)
	at java.util.stream.ForEachOps$ForEachOp$OfRef.evaluateSequential(ForEachOps.java:174)
	at java.util.stream.AbstractPipeline.evaluate(AbstractPipeline.java:234)
	at java.util.stream.ReferencePipeline.forEach(ReferencePipeline.java:418)
	at org.junit.vintage.engine.VintageTestEngine.executeAllChildren(VintageTestEngine.java:83)
	at org.junit.vintage.engine.VintageTestEngine.execute(VintageTestEngine.java:74)
	at org.junit.platform.launcher.core.DefaultLauncher.execute(DefaultLauncher.java:170)
	at org.junit.platform.launcher.core.DefaultLauncher.execute(DefaultLauncher.java:154)
	at org.junit.platform.launcher.core.DefaultLauncher.execute(DefaultLauncher.java:90)
	at org.junit.platform.console.tasks.ConsoleTestExecutor.executeTests(ConsoleTestExecutor.java:65)
	at org.junit.platform.console.tasks.ConsoleTestExecutor.lambda$execute$0(ConsoleTestExecutor.java:57)
	at org.junit.platform.console.tasks.CustomContextClassLoaderExecutor.invoke(CustomContextClassLoaderExecutor.java:33)
	at org.junit.platform.console.tasks.ConsoleTestExecutor.execute(ConsoleTestExecutor.java:57)
	at org.junit.platform.console.ConsoleLauncher.executeTests(ConsoleLauncher.java:84)
	at org.junit.platform.console.ConsoleLauncher.execute(ConsoleLauncher.java:74)
	at org.junit.platform.console.ConsoleLauncher.execute(ConsoleLauncher.java:47)
	at org.junit.platform.console.ConsoleLauncher.main(ConsoleLauncher.java:39)
]]></failure>
<system-out><![CDATA[
unique-id: [engine:junit-vintage]/[runner:gradle.RunCukesTest]/[test:rO0ABXNyAC5jdWN1bWJlci5ydW50aW1lLmp1bml0LkZlYXR1cmVSdW5uZXIkRmVhdHVyZUlkAAAAAAAAAAECAAFMAAN1cml0ABJMamF2YS9sYW5nL1N0cmluZzt4cHQAMmdyYWRsZS9jdWN1bWJlci9Cb21iZXJtYW5NdWV2ZVByb3hpbWFDZWxkYS5mZWF0dXJl]/[test:rO0ABXNyAC1jdWN1bWJlci5ydW50aW1lLmp1bml0LlBpY2tsZVJ1bm5lcnMkUGlja2xlSWQAAAAAAAAAAQIAAkkACnBpY2tsZUxpbmVMAAN1cml0ABJMamF2YS9sYW5nL1N0cmluZzt4cAAAABV0ADJncmFkbGUvY3VjdW1iZXIvQm9tYmVybWFuTXVldmVQcm94aW1hQ2VsZGEuZmVhdHVyZQ==]
display-name: Bomberman se mueve hacia el Oeste
]]></system-out>
</testcase>
<testcase name="Just a failing scenario" classname="Feature: Gradle-Cucumber integration" time="0.608">
<system-out><![CDATA[
unique-id: [engine:junit-vintage]/[runner:gradle.RunCukesTest]/[test:rO0ABXNyAC5jdWN1bWJlci5ydW50aW1lLmp1bml0LkZlYXR1cmVSdW5uZXIkRmVhdHVyZUlkAAAAAAAAAAECAAFMAAN1cml0ABJMamF2YS9sYW5nL1N0cmluZzt4cHQAHmdyYWRsZS9jdWN1bWJlci9ncmFkbGUuZmVhdHVyZQ==]/[test:rO0ABXNyAC1jdWN1bWJlci5ydW50aW1lLmp1bml0LlBpY2tsZVJ1bm5lcnMkUGlja2xlSWQAAAAAAAAAAQIAAkkACnBpY2tsZUxpbmVMAAN1cml0ABJMamF2YS9sYW5nL1N0cmluZzt4cAAAAAN0AB5ncmFkbGUvY3VjdW1iZXIvZ3JhZGxlLmZlYXR1cmU=]
display-name: Just a failing scenario
]]></system-out>
</testcase>
<testcase name="testWhenBombermanInCoordinate1x1MovesToTheSouthernCellHisNewCoordinateIs1x0y" classname="BombermanTest" time="0.02">
<system-out><![CDATA[
unique-id: [engine:junit-vintage]/[runner:BombermanTest]/[test:testWhenBombermanInCoordinate1x1MovesToTheSouthernCellHisNewCoordinateIs1x0y(BombermanTest)]
display-name: testWhenBombermanInCoordinate1x1MovesToTheSouthernCellHisNewCoordinateIs1x0y
]]></system-out>
</testcase>
<testcase name="testWhenBombermanInCoordinate1x1yMovesToTheNorthenCellHisNewCoordinateIs1x2y" classname="BombermanTest" time="0.001">
<system-out><![CDATA[
unique-id: [engine:junit-vintage]/[runner:BombermanTest]/[test:testWhenBombermanInCoordinate1x1yMovesToTheNorthenCellHisNewCoordinateIs1x2y(BombermanTest)]
display-name: testWhenBombermanInCoordinate1x1yMovesToTheNorthenCellHisNewCoordinateIs1x2y
]]></system-out>
</testcase>
<testcase name="testWhenBombermanInCoordinate1x1MovesToTheWesternCellHisNewCoordinateIs0x1y" classname="BombermanTest" time="0.001">
<system-out><![CDATA[
unique-id: [engine:junit-vintage]/[runner:BombermanTest]/[test:testWhenBombermanInCoordinate1x1MovesToTheWesternCellHisNewCoordinateIs0x1y(BombermanTest)]
display-name: testWhenBombermanInCoordinate1x1MovesToTheWesternCellHisNewCoordinateIs0x1y
]]></system-out>
</testcase>
<testcase name="testWhenBombermanInCoordinate1x1MovesToTheEasternCellHisNewCoordinateIs2x1y" classname="BombermanTest" time="0.001">
<system-out><![CDATA[
unique-id: [engine:junit-vintage]/[runner:BombermanTest]/[test:testWhenBombermanInCoordinate1x1MovesToTheEasternCellHisNewCoordinateIs2x1y(BombermanTest)]
display-name: testWhenBombermanInCoordinate1x1MovesToTheEasternCellHisNewCoordinateIs2x1y
]]></system-out>
</testcase>
<system-out><![CDATA[
unique-id: [engine:junit-vintage]
display-name: JUnit Vintage
]]></system-out>
</testsuite>
